<?xml version="1.0" encoding="UTF-8"?>
<testsuite name="InMemoryTaskManagerTest" tests="1" skipped="0" failures="0" errors="0" timestamp="2024-08-16T23:53:53" hostname="MacBook-Pro-Zelaniny-3.local" time="0.001">
  <properties/>
  <testcase name="testAddAndFindTasksById()" classname="InMemoryTaskManagerTest" time="0.001"/>
  <system-out><![CDATA[]]></system-out>
  <system-err><![CDATA[]]></system-err>
</testsuite>
